[0207/132939.998:ERROR:process_info.cc(608)] range at 0xfffde000, size 0x230 fully unreadable
[0207/132940.001:ERROR:process_info.cc(608)] range at 0xfffdd000, size 0xf84 fully unreadable
[0207/132940.001:ERROR:process_info.cc(608)] range at 0xfffda000, size 0xf84 fully unreadable
[0207/132940.001:ERROR:process_info.cc(608)] range at 0xfffd7000, size 0xf84 fully unreadable
[0207/132940.002:ERROR:process_info.cc(608)] range at 0xfffaf000, size 0xf84 fully unreadable
[0207/132940.002:ERROR:process_info.cc(608)] range at 0xfffac000, size 0xf84 fully unreadable
[0207/132940.002:ERROR:process_info.cc(608)] range at 0xfffa9000, size 0xf84 fully unreadable
[0207/132940.002:ERROR:process_info.cc(608)] range at 0xfffa6000, size 0xf84 fully unreadable
[0207/132940.002:ERROR:process_info.cc(608)] range at 0xffe7f000, size 0xf84 fully unreadable
[0207/132940.002:ERROR:process_info.cc(608)] range at 0xffe7c000, size 0xf84 fully unreadable
[0207/132940.002:ERROR:process_info.cc(608)] range at 0xffe6d000, size 0xf84 fully unreadable
[0207/132940.002:ERROR:process_info.cc(608)] range at 0xffe79000, size 0xf84 fully unreadable
[0218/192309.489:ERROR:scoped_process_suspend.cc(30)] NtSuspendProcess: An attempt was made to access an exiting process.  (0xc000010a)
[0218/192310.262:ERROR:process_info.cc(103)] ReadProcessMemory bool __cdecl crashpad::`anonymous-namespace'::ReadStruct<struct crashpad::process_types::PEB<struct crashpad::process_types::internal::Traits64>>(void *,unsigned __int64,struct crashpad::process_types::PEB<struct crashpad::process_types::internal::Traits64> *): Only part of a ReadProcessMemory or WriteProcessMemory request was completed. (0x12B)
[0218/192310.263:ERROR:process_info.cc(542)] ReadProcessData failed
[0218/192310.263:ERROR:process_reader_win.cc(233)] ReadMemory at 0x7fef9d51160 of 12 bytes failed: Only part of a ReadProcessMemory or WriteProcessMemory request was completed. (0x12B)
[0218/192310.263:WARNING:process_snapshot_win.cc(68)] ReadMemory ExceptionInformation failed
[0218/192310.263:WARNING:crash_report_exception_handler.cc(60)] ProcessSnapshotWin::Initialize failed
[0301/000930.823:ERROR:process_info.cc(608)] range at 0xfffde000, size 0x230 fully unreadable
[0301/000930.845:ERROR:process_info.cc(608)] range at 0xfffdd000, size 0xf84 fully unreadable
[0301/000930.845:ERROR:process_info.cc(608)] range at 0xfffaf000, size 0xf84 fully unreadable
[0301/000930.845:ERROR:process_info.cc(608)] range at 0xfffac000, size 0xf84 fully unreadable
[0301/000931.326:ERROR:process_info.cc(608)] range at 0xfffde000, size 0x230 fully unreadable
[0301/000931.331:ERROR:process_info.cc(608)] range at 0xfffdd000, size 0xf84 fully unreadable
[0301/000931.331:ERROR:process_info.cc(608)] range at 0xfffaf000, size 0xf84 fully unreadable
[0301/000931.331:ERROR:process_info.cc(608)] range at 0xfffac000, size 0xf84 fully unreadable
[0301/000931.564:ERROR:exception_snapshot_win.cc(87)] thread ID 3100 not found in process
[0301/000931.564:WARNING:crash_report_exception_handler.cc(60)] ProcessSnapshotWin::Initialize failed
[0301/000931.823:ERROR:process_info.cc(608)] range at 0xfffde000, size 0x230 fully unreadable
[0301/000931.828:ERROR:process_info.cc(608)] range at 0xfffdd000, size 0xf84 fully unreadable
[0301/000931.828:ERROR:process_info.cc(608)] range at 0xfffaf000, size 0xf84 fully unreadable
[0301/000931.828:ERROR:process_info.cc(608)] range at 0xfffac000, size 0xf84 fully unreadable
[0301/000932.044:ERROR:process_reader_win.cc(142)] SuspendThread: Access is denied. (0x5)
[0301/000932.044:ERROR:exception_snapshot_win.cc(87)] thread ID 7376 not found in process
[0301/000932.044:WARNING:crash_report_exception_handler.cc(60)] ProcessSnapshotWin::Initialize failed
[0301/000932.282:ERROR:process_info.cc(608)] range at 0xfffde000, size 0x230 fully unreadable
[0301/000932.286:ERROR:process_info.cc(608)] range at 0xfffdd000, size 0xf84 fully unreadable
[0301/000932.286:ERROR:process_info.cc(608)] range at 0xfffaf000, size 0xf84 fully unreadable
[0301/000932.286:ERROR:process_info.cc(608)] range at 0xfffac000, size 0xf84 fully unreadable
[0301/000932.779:ERROR:process_info.cc(608)] range at 0xfffde000, size 0x230 fully unreadable
[0301/000932.783:ERROR:process_info.cc(608)] range at 0xfffdd000, size 0xf84 fully unreadable
[0301/000932.783:ERROR:process_info.cc(608)] range at 0xfffaf000, size 0xf84 fully unreadable
[0301/000932.783:ERROR:process_info.cc(608)] range at 0xfffac000, size 0xf84 fully unreadable
[0308/040455.439:ERROR:process_info.cc(608)] range at 0xfffde000, size 0x230 fully unreadable
[0308/040455.473:ERROR:process_info.cc(608)] range at 0xfffdd000, size 0xf84 fully unreadable
[0308/040455.473:ERROR:process_info.cc(608)] range at 0xfffaf000, size 0xf84 fully unreadable
[0308/040455.473:ERROR:process_info.cc(608)] range at 0xfffac000, size 0xf84 fully unreadable
[0308/040456.139:ERROR:process_info.cc(608)] range at 0xfffde000, size 0x230 fully unreadable
[0308/040456.144:ERROR:process_info.cc(608)] range at 0xfffdd000, size 0xf84 fully unreadable
[0308/040456.144:ERROR:process_info.cc(608)] range at 0xfffaf000, size 0xf84 fully unreadable
[0308/040456.144:ERROR:process_info.cc(608)] range at 0xfffac000, size 0xf84 fully unreadable
[0308/040457.621:ERROR:process_info.cc(608)] range at 0xfffde000, size 0x230 fully unreadable
[0308/040457.626:ERROR:process_info.cc(608)] range at 0xfffdd000, size 0xf84 fully unreadable
[0308/040457.626:ERROR:process_info.cc(608)] range at 0xfffaf000, size 0xf84 fully unreadable
[0308/040457.627:ERROR:process_info.cc(608)] range at 0xfffac000, size 0xf84 fully unreadable
[0308/040459.262:ERROR:process_info.cc(608)] range at 0xfffde000, size 0x230 fully unreadable
[0308/040459.267:ERROR:process_info.cc(608)] range at 0xfffdd000, size 0xf84 fully unreadable
[0308/040459.267:ERROR:process_info.cc(608)] range at 0xfffaf000, size 0xf84 fully unreadable
[0308/040459.267:ERROR:process_info.cc(608)] range at 0xfffac000, size 0xf84 fully unreadable
[0308/040501.362:ERROR:process_info.cc(608)] range at 0xfffde000, size 0x230 fully unreadable
[0308/040501.367:ERROR:process_info.cc(608)] range at 0xfffdd000, size 0xf84 fully unreadable
[0308/040501.367:ERROR:process_info.cc(608)] range at 0xfffaf000, size 0xf84 fully unreadable
[0308/040501.367:ERROR:process_info.cc(608)] range at 0xfffac000, size 0xf84 fully unreadable
[0308/040504.311:ERROR:process_info.cc(608)] range at 0xfffde000, size 0x230 fully unreadable
[0308/040504.316:ERROR:process_info.cc(608)] range at 0xfffdd000, size 0xf84 fully unreadable
[0308/040504.316:ERROR:process_info.cc(608)] range at 0xfffaf000, size 0xf84 fully unreadable
[0308/040504.316:ERROR:process_info.cc(608)] range at 0xfffac000, size 0xf84 fully unreadable
[0308/040506.167:ERROR:process_info.cc(608)] range at 0xfffde000, size 0x230 fully unreadable
[0308/040506.172:ERROR:process_info.cc(608)] range at 0xfffdd000, size 0xf84 fully unreadable
[0308/040506.172:ERROR:process_info.cc(608)] range at 0xfffaf000, size 0xf84 fully unreadable
[0308/040506.172:ERROR:process_info.cc(608)] range at 0xfffac000, size 0xf84 fully unreadable
[0308/230621.724:ERROR:process_info.cc(608)] range at 0xfffde000, size 0x230 fully unreadable
[0308/230621.730:ERROR:process_info.cc(608)] range at 0xfffdd000, size 0xf84 fully unreadable
[0308/230621.730:ERROR:process_info.cc(608)] range at 0xfffaf000, size 0xf84 fully unreadable
[0308/230621.730:ERROR:process_info.cc(608)] range at 0xfffac000, size 0xf84 fully unreadable
[0308/230622.170:ERROR:process_info.cc(608)] range at 0xfffde000, size 0x230 fully unreadable
[0308/230622.175:ERROR:process_info.cc(608)] range at 0xfffdd000, size 0xf84 fully unreadable
[0308/230622.175:ERROR:process_info.cc(608)] range at 0xfffaf000, size 0xf84 fully unreadable
[0308/230622.175:ERROR:process_info.cc(608)] range at 0xfffac000, size 0xf84 fully unreadable
[0308/230622.431:ERROR:process_info.cc(608)] range at 0xfffde000, size 0x230 fully unreadable
[0308/230622.435:ERROR:process_info.cc(608)] range at 0xfffdd000, size 0xf84 fully unreadable
[0308/230622.435:ERROR:process_info.cc(608)] range at 0xfffaf000, size 0xf84 fully unreadable
[0308/230622.435:ERROR:process_info.cc(608)] range at 0xfffac000, size 0xf84 fully unreadable
[0308/230622.677:ERROR:process_info.cc(608)] range at 0xfffde000, size 0x230 fully unreadable
[0308/230622.681:ERROR:process_info.cc(608)] range at 0xfffdd000, size 0xf84 fully unreadable
[0308/230622.681:ERROR:process_info.cc(608)] range at 0xfffaf000, size 0xf84 fully unreadable
[0308/230622.681:ERROR:process_info.cc(608)] range at 0xfffac000, size 0xf84 fully unreadable
[0308/230622.927:ERROR:process_info.cc(608)] range at 0xfffde000, size 0x230 fully unreadable
[0308/230622.932:ERROR:process_info.cc(608)] range at 0xfffdd000, size 0xf84 fully unreadable
[0308/230622.932:ERROR:process_info.cc(608)] range at 0xfffaf000, size 0xf84 fully unreadable
[0308/230622.932:ERROR:process_info.cc(608)] range at 0xfffac000, size 0xf84 fully unreadable
[0308/230623.165:ERROR:process_info.cc(608)] range at 0xfffde000, size 0x230 fully unreadable
[0308/230623.169:ERROR:process_info.cc(608)] range at 0xfffdd000, size 0xf84 fully unreadable
[0308/230623.169:ERROR:process_info.cc(608)] range at 0xfffaf000, size 0xf84 fully unreadable
[0308/230623.169:ERROR:process_info.cc(608)] range at 0xfffac000, size 0xf84 fully unreadable
[0308/230623.867:ERROR:process_reader_win.cc(142)] SuspendThread: Access is denied. (0x5)
[0308/230623.868:ERROR:exception_snapshot_win.cc(87)] thread ID 5228 not found in process
[0308/230623.868:WARNING:crash_report_exception_handler.cc(60)] ProcessSnapshotWin::Initialize failed
[0308/230624.698:ERROR:exception_snapshot_win.cc(87)] thread ID 4204 not found in process
[0308/230624.698:WARNING:crash_report_exception_handler.cc(60)] ProcessSnapshotWin::Initialize failed
[0308/230625.364:ERROR:process_info.cc(608)] range at 0xfffde000, size 0x230 fully unreadable
[0308/230625.368:ERROR:process_info.cc(608)] range at 0xfffdd000, size 0xf84 fully unreadable
[0308/230625.368:ERROR:process_info.cc(608)] range at 0xfffaf000, size 0xf84 fully unreadable
[0308/230625.368:ERROR:process_info.cc(608)] range at 0xfffac000, size 0xf84 fully unreadable
[0310/002231.513:ERROR:process_info.cc(608)] range at 0xfffde000, size 0x230 fully unreadable
[0310/002231.518:ERROR:process_info.cc(608)] range at 0xfffdd000, size 0xf84 fully unreadable
[0310/002231.518:ERROR:process_info.cc(608)] range at 0xfffaf000, size 0xf84 fully unreadable
[0310/002231.518:ERROR:process_info.cc(608)] range at 0xfffac000, size 0xf84 fully unreadable
[0310/002239.891:ERROR:exception_snapshot_win.cc(87)] thread ID 4924 not found in process
[0310/002239.891:WARNING:crash_report_exception_handler.cc(60)] ProcessSnapshotWin::Initialize failed
[0310/002242.101:ERROR:process_info.cc(608)] range at 0xfffde000, size 0x230 fully unreadable
[0310/002242.108:ERROR:process_info.cc(608)] range at 0xfffdd000, size 0xf84 fully unreadable
[0310/002242.108:ERROR:process_info.cc(608)] range at 0xfffaf000, size 0xf84 fully unreadable
[0310/002242.108:ERROR:process_info.cc(608)] range at 0xfffac000, size 0xf84 fully unreadable
[0310/002243.635:ERROR:process_info.cc(608)] range at 0xfffde000, size 0x230 fully unreadable
[0310/002243.640:ERROR:process_info.cc(608)] range at 0xfffdd000, size 0xf84 fully unreadable
[0310/002243.640:ERROR:process_info.cc(608)] range at 0xfffaf000, size 0xf84 fully unreadable
[0310/002243.640:ERROR:process_info.cc(608)] range at 0xfffac000, size 0xf84 fully unreadable
[0310/002245.023:ERROR:process_info.cc(608)] range at 0xfffde000, size 0x230 fully unreadable
[0310/002245.028:ERROR:process_info.cc(608)] range at 0xfffdd000, size 0xf84 fully unreadable
[0310/002245.028:ERROR:process_info.cc(608)] range at 0xfffaf000, size 0xf84 fully unreadable
[0310/002245.028:ERROR:process_info.cc(608)] range at 0xfffac000, size 0xf84 fully unreadable
[0310/002246.424:ERROR:process_info.cc(608)] range at 0xfffde000, size 0x230 fully unreadable
[0310/002246.428:ERROR:process_info.cc(608)] range at 0xfffdd000, size 0xf84 fully unreadable
[0310/002246.428:ERROR:process_info.cc(608)] range at 0xfffaf000, size 0xf84 fully unreadable
[0310/002246.429:ERROR:process_info.cc(608)] range at 0xfffac000, size 0xf84 fully unreadable
[0316/002643.444:ERROR:process_info.cc(608)] range at 0xfffde000, size 0x230 fully unreadable
[0316/002643.449:ERROR:process_info.cc(608)] range at 0xfffdd000, size 0xf84 fully unreadable
[0316/002643.449:ERROR:process_info.cc(608)] range at 0xfffaf000, size 0xf84 fully unreadable
[0316/002643.449:ERROR:process_info.cc(608)] range at 0xfffac000, size 0xf84 fully unreadable
[0316/002644.271:ERROR:process_info.cc(608)] range at 0xfffde000, size 0x230 fully unreadable
[0316/002644.275:ERROR:process_info.cc(608)] range at 0xfffdd000, size 0xf84 fully unreadable
[0316/002644.275:ERROR:process_info.cc(608)] range at 0xfffaf000, size 0xf84 fully unreadable
[0316/002644.275:ERROR:process_info.cc(608)] range at 0xfffac000, size 0xf84 fully unreadable
[0316/002644.600:ERROR:process_info.cc(608)] range at 0xfffde000, size 0x230 fully unreadable
[0316/002644.605:ERROR:process_info.cc(608)] range at 0xfffdd000, size 0xf84 fully unreadable
[0316/002644.605:ERROR:process_info.cc(608)] range at 0xfffda000, size 0xf84 fully unreadable
[0316/002644.605:ERROR:process_info.cc(608)] range at 0xfffaf000, size 0xf84 fully unreadable
[0316/002644.605:ERROR:process_info.cc(608)] range at 0xfffac000, size 0xf84 fully unreadable
[0316/002647.233:ERROR:process_info.cc(608)] range at 0xfffde000, size 0x230 fully unreadable
[0316/002647.237:ERROR:process_info.cc(608)] range at 0xfffdd000, size 0xf84 fully unreadable
[0316/002647.237:ERROR:process_info.cc(608)] range at 0xfffaf000, size 0xf84 fully unreadable
[0316/002647.237:ERROR:process_info.cc(608)] range at 0xfffac000, size 0xf84 fully unreadable
[0316/002647.909:ERROR:process_info.cc(608)] range at 0xfffde000, size 0x230 fully unreadable
[0316/002647.914:ERROR:process_info.cc(608)] range at 0xfffdd000, size 0xf84 fully unreadable
[0316/002647.914:ERROR:process_info.cc(608)] range at 0xfffda000, size 0xf84 fully unreadable
[0316/002647.914:ERROR:process_info.cc(608)] range at 0xfffaf000, size 0xf84 fully unreadable
[0316/002647.914:ERROR:process_info.cc(608)] range at 0xfffac000, size 0xf84 fully unreadable
[0316/002648.624:ERROR:process_reader_win.cc(142)] SuspendThread: Access is denied. (0x5)
[0316/002648.624:ERROR:exception_snapshot_win.cc(87)] thread ID 7620 not found in process
[0316/002648.624:WARNING:crash_report_exception_handler.cc(60)] ProcessSnapshotWin::Initialize failed
[0317/001640.781:ERROR:process_info.cc(608)] range at 0xfffde000, size 0x230 fully unreadable
[0317/001640.786:ERROR:process_info.cc(608)] range at 0xfffdd000, size 0xf84 fully unreadable
[0317/001640.786:ERROR:process_info.cc(608)] range at 0xfffaf000, size 0xf84 fully unreadable
[0317/001640.786:ERROR:process_info.cc(608)] range at 0xfffac000, size 0xf84 fully unreadable
[0317/001644.610:ERROR:exception_snapshot_win.cc(87)] thread ID 7940 not found in process
[0317/001644.611:WARNING:crash_report_exception_handler.cc(60)] ProcessSnapshotWin::Initialize failed
[0317/001645.801:ERROR:process_info.cc(608)] range at 0xfffde000, size 0x230 fully unreadable
[0317/001645.805:ERROR:process_info.cc(608)] range at 0xfffdd000, size 0xf84 fully unreadable
[0317/001645.805:ERROR:process_info.cc(608)] range at 0xfffaf000, size 0xf84 fully unreadable
[0317/001645.805:ERROR:process_info.cc(608)] range at 0xfffac000, size 0xf84 fully unreadable
[0317/001646.514:ERROR:process_info.cc(608)] range at 0xfffde000, size 0x230 fully unreadable
[0317/001646.520:ERROR:process_info.cc(608)] range at 0xfffdd000, size 0xf84 fully unreadable
[0317/001646.520:ERROR:process_info.cc(608)] range at 0xfffaf000, size 0xf84 fully unreadable
[0317/001646.520:ERROR:process_info.cc(608)] range at 0xfffac000, size 0xf84 fully unreadable
[0317/001646.830:ERROR:process_info.cc(608)] range at 0xfffde000, size 0x230 fully unreadable
[0317/001646.835:ERROR:process_info.cc(608)] range at 0xfffdd000, size 0xf84 fully unreadable
[0317/001646.835:ERROR:process_info.cc(608)] range at 0xfffda000, size 0xf84 fully unreadable
[0317/001646.835:ERROR:process_info.cc(608)] range at 0xfffaf000, size 0xf84 fully unreadable
[0317/001646.835:ERROR:process_info.cc(608)] range at 0xfffac000, size 0xf84 fully unreadable
[0317/001647.380:ERROR:process_info.cc(608)] range at 0xfffde000, size 0x230 fully unreadable
[0317/001647.384:ERROR:process_info.cc(608)] range at 0xfffdd000, size 0xf84 fully unreadable
[0317/001647.384:ERROR:process_info.cc(608)] range at 0xfffaf000, size 0xf84 fully unreadable
[0317/001647.384:ERROR:process_info.cc(608)] range at 0xfffac000, size 0xf84 fully unreadable
[0317/001647.758:ERROR:scoped_process_suspend.cc(30)] NtSuspendProcess: An attempt was made to access an exiting process.  (0xc000010a)
[0317/001647.790:ERROR:process_info.cc(103)] ReadProcessMemory bool __cdecl crashpad::`anonymous-namespace'::ReadStruct<struct crashpad::process_types::PEB<struct crashpad::process_types::internal::Traits32>>(void *,unsigned __int64,struct crashpad::process_types::PEB<struct crashpad::process_types::internal::Traits32> *): Only part of a ReadProcessMemory or WriteProcessMemory request was completed. (0x12B)
[0317/001647.791:ERROR:process_info.cc(542)] ReadProcessData failed
[0317/001647.791:ERROR:process_reader_win.cc(233)] ReadMemory at 0x6e107598 of 12 bytes failed: Only part of a ReadProcessMemory or WriteProcessMemory request was completed. (0x12B)
[0317/001647.792:WARNING:process_snapshot_win.cc(68)] ReadMemory ExceptionInformation failed
[0317/001647.792:WARNING:crash_report_exception_handler.cc(60)] ProcessSnapshotWin::Initialize failed
[0322/044104.978:ERROR:process_info.cc(608)] range at 0xfffde000, size 0x230 fully unreadable
[0322/044105.007:ERROR:process_info.cc(608)] range at 0xfffdd000, size 0xf84 fully unreadable
[0322/044105.007:ERROR:process_info.cc(608)] range at 0xfffaf000, size 0xf84 fully unreadable
[0322/044105.007:ERROR:process_info.cc(608)] range at 0xfffac000, size 0xf84 fully unreadable
[0322/044105.704:ERROR:process_info.cc(608)] range at 0xfffde000, size 0x230 fully unreadable
[0322/044105.708:ERROR:process_info.cc(608)] range at 0xfffdd000, size 0xf84 fully unreadable
[0322/044105.708:ERROR:process_info.cc(608)] range at 0xfffaf000, size 0xf84 fully unreadable
[0322/044105.708:ERROR:process_info.cc(608)] range at 0xfffac000, size 0xf84 fully unreadable
[0322/044106.168:ERROR:process_info.cc(608)] range at 0xfffde000, size 0x230 fully unreadable
[0322/044106.173:ERROR:process_info.cc(608)] range at 0xfffdd000, size 0xf84 fully unreadable
[0322/044106.173:ERROR:process_info.cc(608)] range at 0xfffaf000, size 0xf84 fully unreadable
[0322/044106.173:ERROR:process_info.cc(608)] range at 0xfffac000, size 0xf84 fully unreadable
[0322/044106.424:ERROR:process_info.cc(608)] range at 0xfffde000, size 0x230 fully unreadable
[0322/044106.428:ERROR:process_info.cc(608)] range at 0xfffdd000, size 0xf84 fully unreadable
[0322/044106.428:ERROR:process_info.cc(608)] range at 0xfffaf000, size 0xf84 fully unreadable
[0322/044106.428:ERROR:process_info.cc(608)] range at 0xfffac000, size 0xf84 fully unreadable
[0322/044106.688:ERROR:process_info.cc(608)] range at 0xfffde000, size 0x230 fully unreadable
[0322/044106.692:ERROR:process_info.cc(608)] range at 0xfffdd000, size 0xf84 fully unreadable
[0322/044106.692:ERROR:process_info.cc(608)] range at 0xfffaf000, size 0xf84 fully unreadable
[0322/044106.692:ERROR:process_info.cc(608)] range at 0xfffac000, size 0xf84 fully unreadable
[0322/044106.980:ERROR:process_info.cc(608)] range at 0xfffde000, size 0x230 fully unreadable
[0322/044106.984:ERROR:process_info.cc(608)] range at 0xfffdd000, size 0xf84 fully unreadable
[0322/044106.984:ERROR:process_info.cc(608)] range at 0xfffaf000, size 0xf84 fully unreadable
[0322/044106.985:ERROR:process_info.cc(608)] range at 0xfffac000, size 0xf84 fully unreadable
[0322/044107.431:ERROR:process_reader_win.cc(142)] SuspendThread: Access is denied. (0x5)
[0322/044107.432:ERROR:exception_snapshot_win.cc(87)] thread ID 6760 not found in process
[0322/044107.432:WARNING:crash_report_exception_handler.cc(60)] ProcessSnapshotWin::Initialize failed
[0324/005058.632:ERROR:process_info.cc(608)] range at 0xfffde000, size 0x230 fully unreadable
[0324/005058.674:ERROR:process_info.cc(608)] range at 0xfffdd000, size 0xf84 fully unreadable
[0324/005058.674:ERROR:process_info.cc(608)] range at 0xfffaf000, size 0xf84 fully unreadable
[0324/005058.674:ERROR:process_info.cc(608)] range at 0xfffac000, size 0xf84 fully unreadable
[0324/005058.906:ERROR:process_info.cc(608)] range at 0xfffde000, size 0x230 fully unreadable
[0324/005058.910:ERROR:process_info.cc(608)] range at 0xfffdd000, size 0xf84 fully unreadable
[0324/005058.910:ERROR:process_info.cc(608)] range at 0xfffaf000, size 0xf84 fully unreadable
[0324/005058.910:ERROR:process_info.cc(608)] range at 0xfffac000, size 0xf84 fully unreadable
[0324/005059.210:ERROR:process_info.cc(608)] range at 0xfffde000, size 0x230 fully unreadable
[0324/005059.214:ERROR:process_info.cc(608)] range at 0xfffdd000, size 0xf84 fully unreadable
[0324/005059.214:ERROR:process_info.cc(608)] range at 0xfffaf000, size 0xf84 fully unreadable
[0324/005059.214:ERROR:process_info.cc(608)] range at 0xfffac000, size 0xf84 fully unreadable
[0324/005059.780:ERROR:process_info.cc(608)] range at 0xfffde000, size 0x230 fully unreadable
[0324/005059.784:ERROR:process_info.cc(608)] range at 0xfffdd000, size 0xf84 fully unreadable
[0324/005059.784:ERROR:process_info.cc(608)] range at 0xfffaf000, size 0xf84 fully unreadable
[0324/005059.784:ERROR:process_info.cc(608)] range at 0xfffac000, size 0xf84 fully unreadable
[0324/005100.122:ERROR:process_info.cc(608)] range at 0xfffde000, size 0x230 fully unreadable
[0324/005100.126:ERROR:process_info.cc(608)] range at 0xfffdd000, size 0xf84 fully unreadable
[0324/005100.126:ERROR:process_info.cc(608)] range at 0xfffaf000, size 0xf84 fully unreadable
[0324/005100.126:ERROR:process_info.cc(608)] range at 0xfffac000, size 0xf84 fully unreadable
[0324/005100.378:ERROR:process_info.cc(608)] range at 0xfffde000, size 0x230 fully unreadable
[0324/005100.382:ERROR:process_info.cc(608)] range at 0xfffdd000, size 0xf84 fully unreadable
[0324/005100.382:ERROR:process_info.cc(608)] range at 0xfffaf000, size 0xf84 fully unreadable
[0324/005100.382:ERROR:process_info.cc(608)] range at 0xfffac000, size 0xf84 fully unreadable
[0324/005100.636:ERROR:process_info.cc(608)] range at 0xfffde000, size 0x230 fully unreadable
[0324/005100.640:ERROR:process_info.cc(608)] range at 0xfffdd000, size 0xf84 fully unreadable
[0324/005100.640:ERROR:process_info.cc(608)] range at 0xfffaf000, size 0xf84 fully unreadable
[0324/005100.640:ERROR:process_info.cc(608)] range at 0xfffac000, size 0xf84 fully unreadable
[0324/005101.191:ERROR:process_info.cc(608)] range at 0xfffde000, size 0x230 fully unreadable
[0324/005101.195:ERROR:process_info.cc(608)] range at 0xfffdd000, size 0xf84 fully unreadable
[0324/005101.195:ERROR:process_info.cc(608)] range at 0xfffaf000, size 0xf84 fully unreadable
[0324/005101.195:ERROR:process_info.cc(608)] range at 0xfffac000, size 0xf84 fully unreadable
[0324/005101.463:ERROR:process_reader_win.cc(142)] SuspendThread: Access is denied. (0x5)
[0324/005101.464:ERROR:exception_snapshot_win.cc(87)] thread ID 3420 not found in process
[0324/005101.464:WARNING:crash_report_exception_handler.cc(60)] ProcessSnapshotWin::Initialize failed
[0324/073653.305:ERROR:process_info.cc(608)] range at 0xfffde000, size 0x230 fully unreadable
[0324/073653.318:ERROR:process_info.cc(608)] range at 0xfffdd000, size 0xf84 fully unreadable
[0324/073653.318:ERROR:process_info.cc(608)] range at 0xfffaf000, size 0xf84 fully unreadable
[0324/073653.318:ERROR:process_info.cc(608)] range at 0xfffac000, size 0xf84 fully unreadable
[0324/073653.540:ERROR:exception_snapshot_win.cc(87)] thread ID 7764 not found in process
[0324/073653.540:WARNING:crash_report_exception_handler.cc(60)] ProcessSnapshotWin::Initialize failed
[0324/073653.942:ERROR:process_info.cc(608)] range at 0xfffde000, size 0x230 fully unreadable
[0324/073653.946:ERROR:process_info.cc(608)] range at 0xfffdd000, size 0xf84 fully unreadable
[0324/073653.946:ERROR:process_info.cc(608)] range at 0xfffaf000, size 0xf84 fully unreadable
[0324/073653.946:ERROR:process_info.cc(608)] range at 0xfffac000, size 0xf84 fully unreadable
[0324/073654.197:ERROR:process_info.cc(608)] range at 0xfffde000, size 0x230 fully unreadable
[0324/073654.201:ERROR:process_info.cc(608)] range at 0xfffdd000, size 0xf84 fully unreadable
[0324/073654.201:ERROR:process_info.cc(608)] range at 0xfffaf000, size 0xf84 fully unreadable
[0324/073654.202:ERROR:process_info.cc(608)] range at 0xfffac000, size 0xf84 fully unreadable
[0324/073654.437:ERROR:process_info.cc(608)] range at 0xfffde000, size 0x230 fully unreadable
[0324/073654.441:ERROR:process_info.cc(608)] range at 0xfffdd000, size 0xf84 fully unreadable
[0324/073654.441:ERROR:process_info.cc(608)] range at 0xfffaf000, size 0xf84 fully unreadable
[0324/073654.441:ERROR:process_info.cc(608)] range at 0xfffac000, size 0xf84 fully unreadable
[0324/073654.681:ERROR:process_info.cc(608)] range at 0xfffde000, size 0x230 fully unreadable
[0324/073654.685:ERROR:process_info.cc(608)] range at 0xfffdd000, size 0xf84 fully unreadable
[0324/073654.685:ERROR:process_info.cc(608)] range at 0xfffaf000, size 0xf84 fully unreadable
[0324/073654.685:ERROR:process_info.cc(608)] range at 0xfffac000, size 0xf84 fully unreadable
[0324/073654.933:ERROR:process_info.cc(608)] range at 0xfffde000, size 0x230 fully unreadable
[0324/073654.937:ERROR:process_info.cc(608)] range at 0xfffdd000, size 0xf84 fully unreadable
[0324/073654.938:ERROR:process_info.cc(608)] range at 0xfffaf000, size 0xf84 fully unreadable
[0324/073654.938:ERROR:process_info.cc(608)] range at 0xfffac000, size 0xf84 fully unreadable
[0324/073655.196:ERROR:process_info.cc(608)] range at 0xfffde000, size 0x230 fully unreadable
[0324/073655.200:ERROR:process_info.cc(608)] range at 0xfffdd000, size 0xf84 fully unreadable
[0324/073655.200:ERROR:process_info.cc(608)] range at 0xfffaf000, size 0xf84 fully unreadable
[0324/073655.200:ERROR:process_info.cc(608)] range at 0xfffac000, size 0xf84 fully unreadable
[0324/073655.447:ERROR:process_info.cc(608)] range at 0xfffde000, size 0x230 fully unreadable
[0324/073655.451:ERROR:process_info.cc(608)] range at 0xfffdd000, size 0xf84 fully unreadable
[0324/073655.451:ERROR:process_info.cc(608)] range at 0xfffaf000, size 0xf84 fully unreadable
[0324/073655.451:ERROR:process_info.cc(608)] range at 0xfffac000, size 0xf84 fully unreadable
[0324/073655.668:ERROR:process_reader_win.cc(142)] SuspendThread: Access is denied. (0x5)
[0324/073655.668:ERROR:exception_snapshot_win.cc(87)] thread ID 4436 not found in process
[0324/073655.668:WARNING:crash_report_exception_handler.cc(60)] ProcessSnapshotWin::Initialize failed
[0327/060206.620:ERROR:process_info.cc(608)] range at 0xfffde000, size 0x230 fully unreadable
[0327/060206.636:ERROR:process_info.cc(608)] range at 0xfffdd000, size 0xf84 fully unreadable
[0327/060206.636:ERROR:process_info.cc(608)] range at 0xfffda000, size 0xf84 fully unreadable
[0327/060206.636:ERROR:process_info.cc(608)] range at 0xfffaf000, size 0xf84 fully unreadable
[0327/060206.636:ERROR:process_info.cc(608)] range at 0xfffac000, size 0xf84 fully unreadable
[0327/060207.383:ERROR:process_info.cc(608)] range at 0xfffde000, size 0x230 fully unreadable
[0327/060207.383:ERROR:process_info.cc(608)] range at 0xfffdd000, size 0xf84 fully unreadable
[0327/060207.383:ERROR:process_info.cc(608)] range at 0xfffaf000, size 0xf84 fully unreadable
[0327/060207.383:ERROR:process_info.cc(608)] range at 0xfffac000, size 0xf84 fully unreadable
[0327/060207.678:ERROR:process_info.cc(608)] range at 0xfffde000, size 0x230 fully unreadable
[0327/060207.678:ERROR:process_info.cc(608)] range at 0xfffdd000, size 0xf84 fully unreadable
[0327/060207.678:ERROR:process_info.cc(608)] range at 0xfffaf000, size 0xf84 fully unreadable
[0327/060207.678:ERROR:process_info.cc(608)] range at 0xfffac000, size 0xf84 fully unreadable
[0327/060208.365:ERROR:process_info.cc(608)] range at 0xfffde000, size 0x230 fully unreadable
[0327/060208.380:ERROR:process_info.cc(608)] range at 0xfffdd000, size 0xf84 fully unreadable
[0327/060208.380:ERROR:process_info.cc(608)] range at 0xfffda000, size 0xf84 fully unreadable
[0327/060208.380:ERROR:process_info.cc(608)] range at 0xfffaf000, size 0xf84 fully unreadable
[0327/060208.380:ERROR:process_info.cc(608)] range at 0xfffac000, size 0xf84 fully unreadable
[0329/042658.914:ERROR:process_info.cc(608)] range at 0xfffde000, size 0x230 fully unreadable
[0329/042658.958:ERROR:process_info.cc(608)] range at 0xfffdd000, size 0xf84 fully unreadable
[0329/042658.958:ERROR:process_info.cc(608)] range at 0xfffaf000, size 0xf84 fully unreadable
[0329/042658.958:ERROR:process_info.cc(608)] range at 0xfffac000, size 0xf84 fully unreadable
[0329/042659.449:ERROR:process_info.cc(608)] range at 0xfffde000, size 0x230 fully unreadable
[0329/042659.465:ERROR:process_info.cc(608)] range at 0xfffdd000, size 0xf84 fully unreadable
[0329/042659.465:ERROR:process_info.cc(608)] range at 0xfffaf000, size 0xf84 fully unreadable
[0329/042659.465:ERROR:process_info.cc(608)] range at 0xfffac000, size 0xf84 fully unreadable
[0329/042659.924:ERROR:process_info.cc(608)] range at 0xfffde000, size 0x230 fully unreadable
[0329/042659.929:ERROR:process_info.cc(608)] range at 0xfffdd000, size 0xf84 fully unreadable
[0329/042659.929:ERROR:process_info.cc(608)] range at 0xfffaf000, size 0xf84 fully unreadable
[0329/042659.929:ERROR:process_info.cc(608)] range at 0xfffac000, size 0xf84 fully unreadable
[0329/042700.357:ERROR:process_info.cc(608)] range at 0xfffde000, size 0x230 fully unreadable
[0329/042700.361:ERROR:process_info.cc(608)] range at 0xfffdd000, size 0xf84 fully unreadable
[0329/042700.361:ERROR:process_info.cc(608)] range at 0xfffaf000, size 0xf84 fully unreadable
[0329/042700.361:ERROR:process_info.cc(608)] range at 0xfffac000, size 0xf84 fully unreadable
[0329/042701.275:ERROR:process_info.cc(608)] range at 0xfffde000, size 0x230 fully unreadable
[0329/042701.279:ERROR:process_info.cc(608)] range at 0xfffdd000, size 0xf84 fully unreadable
[0329/042701.279:ERROR:process_info.cc(608)] range at 0xfffaf000, size 0xf84 fully unreadable
[0329/042701.279:ERROR:process_info.cc(608)] range at 0xfffac000, size 0xf84 fully unreadable
[0329/042701.751:ERROR:process_info.cc(608)] range at 0xfffde000, size 0x230 fully unreadable
[0329/042701.751:ERROR:process_info.cc(608)] range at 0xfffdd000, size 0xf84 fully unreadable
[0329/042701.751:ERROR:process_info.cc(608)] range at 0xfffaf000, size 0xf84 fully unreadable
[0329/042701.751:ERROR:process_info.cc(608)] range at 0xfffac000, size 0xf84 fully unreadable
[0329/042702.194:ERROR:process_info.cc(608)] range at 0xfffde000, size 0x230 fully unreadable
[0329/042702.198:ERROR:process_info.cc(608)] range at 0xfffdd000, size 0xf84 fully unreadable
[0329/042702.198:ERROR:process_info.cc(608)] range at 0xfffaf000, size 0xf84 fully unreadable
[0329/042702.198:ERROR:process_info.cc(608)] range at 0xfffac000, size 0xf84 fully unreadable
[0329/042702.640:ERROR:process_info.cc(608)] range at 0xfffde000, size 0x230 fully unreadable
[0329/042702.645:ERROR:process_info.cc(608)] range at 0xfffdd000, size 0xf84 fully unreadable
[0329/042702.645:ERROR:process_info.cc(608)] range at 0xfffaf000, size 0xf84 fully unreadable
[0329/042702.645:ERROR:process_info.cc(608)] range at 0xfffac000, size 0xf84 fully unreadable
[0329/042703.134:ERROR:process_info.cc(608)] range at 0xfffde000, size 0x230 fully unreadable
[0329/042703.138:ERROR:process_info.cc(608)] range at 0xfffdd000, size 0xf84 fully unreadable
[0329/042703.138:ERROR:process_info.cc(608)] range at 0xfffaf000, size 0xf84 fully unreadable
[0329/042703.139:ERROR:process_info.cc(608)] range at 0xfffac000, size 0xf84 fully unreadable
[0329/042703.452:ERROR:process_reader_win.cc(142)] SuspendThread: Access is denied. (0x5)
[0329/042703.452:ERROR:exception_snapshot_win.cc(87)] thread ID 3036 not found in process
[0329/042703.452:WARNING:crash_report_exception_handler.cc(60)] ProcessSnapshotWin::Initialize failed
[0330/051254.631:ERROR:process_info.cc(608)] range at 0xfffde000, size 0x230 fully unreadable
[0330/051254.662:ERROR:process_info.cc(608)] range at 0xfffdd000, size 0xf84 fully unreadable
[0330/051254.663:ERROR:process_info.cc(608)] range at 0xfffaf000, size 0xf84 fully unreadable
[0330/051254.663:ERROR:process_info.cc(608)] range at 0xfffac000, size 0xf84 fully unreadable
[0330/051255.743:ERROR:process_info.cc(608)] range at 0xfffde000, size 0x230 fully unreadable
[0330/051255.748:ERROR:process_info.cc(608)] range at 0xfffdd000, size 0xf84 fully unreadable
[0330/051255.748:ERROR:process_info.cc(608)] range at 0xfffaf000, size 0xf84 fully unreadable
[0330/051255.748:ERROR:process_info.cc(608)] range at 0xfffac000, size 0xf84 fully unreadable
[0330/051256.211:ERROR:process_info.cc(608)] range at 0xfffde000, size 0x230 fully unreadable
[0330/051256.215:ERROR:process_info.cc(608)] range at 0xfffdd000, size 0xf84 fully unreadable
[0330/051256.215:ERROR:process_info.cc(608)] range at 0xfffaf000, size 0xf84 fully unreadable
[0330/051256.215:ERROR:process_info.cc(608)] range at 0xfffac000, size 0xf84 fully unreadable
[0330/051256.512:ERROR:process_info.cc(608)] range at 0xfffde000, size 0x230 fully unreadable
[0330/051256.516:ERROR:process_info.cc(608)] range at 0xfffdd000, size 0xf84 fully unreadable
[0330/051256.516:ERROR:process_info.cc(608)] range at 0xfffda000, size 0xf84 fully unreadable
[0330/051256.516:ERROR:process_info.cc(608)] range at 0xfffaf000, size 0xf84 fully unreadable
[0330/051256.516:ERROR:process_info.cc(608)] range at 0xfffac000, size 0xf84 fully unreadable
[0330/051256.887:ERROR:process_info.cc(608)] range at 0xfffde000, size 0x230 fully unreadable
[0330/051256.891:ERROR:process_info.cc(608)] range at 0xfffdd000, size 0xf84 fully unreadable
[0330/051256.891:ERROR:process_info.cc(608)] range at 0xfffaf000, size 0xf84 fully unreadable
[0330/051256.891:ERROR:process_info.cc(608)] range at 0xfffac000, size 0xf84 fully unreadable
[0330/051257.148:ERROR:process_info.cc(608)] range at 0xfffde000, size 0x230 fully unreadable
[0330/051257.152:ERROR:process_info.cc(608)] range at 0xfffdd000, size 0xf84 fully unreadable
[0330/051257.152:ERROR:process_info.cc(608)] range at 0xfffaf000, size 0xf84 fully unreadable
[0330/051257.152:ERROR:process_info.cc(608)] range at 0xfffac000, size 0xf84 fully unreadable
[0330/051257.408:ERROR:process_info.cc(608)] range at 0xfffde000, size 0x230 fully unreadable
[0330/051257.412:ERROR:process_info.cc(608)] range at 0xfffdd000, size 0xf84 fully unreadable
[0330/051257.412:ERROR:process_info.cc(608)] range at 0xfffaf000, size 0xf84 fully unreadable
[0330/051257.412:ERROR:process_info.cc(608)] range at 0xfffac000, size 0xf84 fully unreadable
[0330/051257.848:ERROR:process_reader_win.cc(142)] SuspendThread: Access is denied. (0x5)
[0330/051257.848:ERROR:exception_snapshot_win.cc(87)] thread ID 4560 not found in process
[0330/051257.848:WARNING:crash_report_exception_handler.cc(60)] ProcessSnapshotWin::Initialize failed
[0331/055304.651:ERROR:process_info.cc(625)] range at 0xfffde000, size 0x230 fully unreadable
[0331/055304.668:ERROR:process_info.cc(625)] range at 0xfffdd000, size 0xf84 fully unreadable
[0331/055304.668:ERROR:process_info.cc(625)] range at 0xfffda000, size 0xf84 fully unreadable
[0331/055304.668:ERROR:process_info.cc(625)] range at 0xfffd7000, size 0xf84 fully unreadable
[0331/055304.668:ERROR:process_info.cc(625)] range at 0xfffac000, size 0xf84 fully unreadable
[0331/055304.668:ERROR:process_info.cc(625)] range at 0xfffa6000, size 0xf84 fully unreadable
[0331/055304.668:ERROR:process_info.cc(625)] range at 0xfffa3000, size 0xf84 fully unreadable
[0331/055304.668:ERROR:process_info.cc(625)] range at 0xfffa0000, size 0xf84 fully unreadable
[0331/055304.668:ERROR:process_info.cc(625)] range at 0xfff9d000, size 0xf84 fully unreadable
[0331/055304.668:ERROR:process_info.cc(625)] range at 0xfff9a000, size 0xf84 fully unreadable
[0331/055304.668:ERROR:process_info.cc(625)] range at 0xfff97000, size 0xf84 fully unreadable
[0331/055304.668:ERROR:process_info.cc(625)] range at 0xfff94000, size 0xf84 fully unreadable
[0331/055304.668:ERROR:process_info.cc(625)] range at 0xfff91000, size 0xf84 fully unreadable
[0331/055304.669:ERROR:process_info.cc(625)] range at 0xfff8e000, size 0xf84 fully unreadable
[0331/055304.669:ERROR:process_info.cc(625)] range at 0xfff8b000, size 0xf84 fully unreadable
[0331/055304.669:ERROR:process_info.cc(625)] range at 0xfff88000, size 0xf84 fully unreadable
[0331/055304.669:ERROR:process_info.cc(625)] range at 0xfff85000, size 0xf84 fully unreadable
[0331/055304.669:ERROR:process_info.cc(625)] range at 0xfff82000, size 0xf84 fully unreadable
[0331/055304.669:ERROR:process_info.cc(625)] range at 0xfff7f000, size 0xf84 fully unreadable
[0331/055304.669:ERROR:process_info.cc(625)] range at 0xfff7c000, size 0xf84 fully unreadable
[0331/055304.669:ERROR:process_info.cc(625)] range at 0xfffa9000, size 0xf84 fully unreadable
[0331/055304.669:ERROR:process_info.cc(625)] range at 0xfff79000, size 0xf84 fully unreadable
[0331/055304.669:ERROR:process_info.cc(625)] range at 0xfff76000, size 0xf84 fully unreadable
[0331/055304.669:ERROR:process_info.cc(625)] range at 0xfff73000, size 0xf84 fully unreadable
[0331/055304.669:ERROR:process_info.cc(625)] range at 0xfff70000, size 0xf84 fully unreadable
[0331/055304.669:ERROR:process_info.cc(625)] range at 0xfff6d000, size 0xf84 fully unreadable
[0331/055304.669:ERROR:process_info.cc(625)] range at 0xfff6a000, size 0xf84 fully unreadable
[0331/055304.669:ERROR:process_info.cc(625)] range at 0xfff67000, size 0xf84 fully unreadable
[0331/055304.669:ERROR:process_info.cc(625)] range at 0xfff58000, size 0xf84 fully unreadable
[0331/055304.670:ERROR:process_info.cc(625)] range at 0xfff55000, size 0xf84 fully unreadable
[0331/055304.670:ERROR:process_info.cc(625)] range at 0xfff52000, size 0xf84 fully unreadable
[0331/055304.670:ERROR:process_info.cc(625)] range at 0xfff61000, size 0xf84 fully unreadable
[0331/055304.670:ERROR:process_info.cc(625)] range at 0xfff64000, size 0xf84 fully unreadable
[0331/055319.571:ERROR:process_info.cc(625)] range at 0xfffde000, size 0x230 fully unreadable
[0331/055319.590:ERROR:process_info.cc(625)] range at 0xfffdd000, size 0xf84 fully unreadable
[0331/055319.590:ERROR:process_info.cc(625)] range at 0xfffda000, size 0xf84 fully unreadable
[0331/055319.590:ERROR:process_info.cc(625)] range at 0xfffd7000, size 0xf84 fully unreadable
[0331/055319.590:ERROR:process_info.cc(625)] range at 0xfffa6000, size 0xf84 fully unreadable
[0331/055319.590:ERROR:process_info.cc(625)] range at 0xfffa3000, size 0xf84 fully unreadable
[0331/055319.590:ERROR:process_info.cc(625)] range at 0xfffa0000, size 0xf84 fully unreadable
[0331/055319.590:ERROR:process_info.cc(625)] range at 0xfff9d000, size 0xf84 fully unreadable
[0331/055319.590:ERROR:process_info.cc(625)] range at 0xfff9a000, size 0xf84 fully unreadable
[0331/055319.590:ERROR:process_info.cc(625)] range at 0xfff94000, size 0xf84 fully unreadable
[0331/055319.590:ERROR:process_info.cc(625)] range at 0xfff91000, size 0xf84 fully unreadable
[0331/055319.590:ERROR:process_info.cc(625)] range at 0xfff8e000, size 0xf84 fully unreadable
[0331/055319.590:ERROR:process_info.cc(625)] range at 0xfff8b000, size 0xf84 fully unreadable
[0331/055319.590:ERROR:process_info.cc(625)] range at 0xfff88000, size 0xf84 fully unreadable
[0331/055319.590:ERROR:process_info.cc(625)] range at 0xfff85000, size 0xf84 fully unreadable
[0331/055319.590:ERROR:process_info.cc(625)] range at 0xfff82000, size 0xf84 fully unreadable
[0331/055319.590:ERROR:process_info.cc(625)] range at 0xfff7f000, size 0xf84 fully unreadable
[0331/055319.590:ERROR:process_info.cc(625)] range at 0xfff7c000, size 0xf84 fully unreadable
[0331/055319.591:ERROR:process_info.cc(625)] range at 0xfffa9000, size 0xf84 fully unreadable
[0331/055319.591:ERROR:process_info.cc(625)] range at 0xfff79000, size 0xf84 fully unreadable
[0331/055319.591:ERROR:process_info.cc(625)] range at 0xfff76000, size 0xf84 fully unreadable
[0331/055319.591:ERROR:process_info.cc(625)] range at 0xfff73000, size 0xf84 fully unreadable
[0331/055319.591:ERROR:process_info.cc(625)] range at 0xfff70000, size 0xf84 fully unreadable
[0331/055319.591:ERROR:process_info.cc(625)] range at 0xfff6d000, size 0xf84 fully unreadable
[0331/055319.591:ERROR:process_info.cc(625)] range at 0xfff6a000, size 0xf84 fully unreadable
[0331/055319.591:ERROR:process_info.cc(625)] range at 0xfff67000, size 0xf84 fully unreadable
[0331/055319.591:ERROR:process_info.cc(625)] range at 0xfff5b000, size 0xf84 fully unreadable
[0331/055319.591:ERROR:process_info.cc(625)] range at 0xfff5e000, size 0xf84 fully unreadable
[0331/055319.591:ERROR:process_info.cc(625)] range at 0xfff55000, size 0xf84 fully unreadable
[0331/055319.591:ERROR:process_info.cc(625)] range at 0xfff52000, size 0xf84 fully unreadable
[0331/055319.591:ERROR:process_info.cc(625)] range at 0xfff4c000, size 0xf84 fully unreadable
[0331/055319.591:ERROR:process_info.cc(625)] range at 0xfff49000, size 0xf84 fully unreadable
[0331/055319.591:ERROR:process_info.cc(625)] range at 0xfffac000, size 0xf84 fully unreadable
[0331/055319.591:ERROR:process_info.cc(625)] range at 0xfffaf000, size 0xf84 fully unreadable
[0331/055319.592:ERROR:process_info.cc(625)] range at 0xfff97000, size 0xf84 fully unreadable
[0331/062821.431:ERROR:process_info.cc(625)] range at 0xfffde000, size 0x230 fully unreadable
[0331/062821.446:ERROR:process_info.cc(625)] range at 0xfffdd000, size 0xf84 fully unreadable
[0331/062821.447:ERROR:process_info.cc(625)] range at 0xfffda000, size 0xf84 fully unreadable
[0331/062821.447:ERROR:process_info.cc(625)] range at 0xfffd7000, size 0xf84 fully unreadable
[0331/062821.447:ERROR:process_info.cc(625)] range at 0xfffac000, size 0xf84 fully unreadable
[0331/062821.447:ERROR:process_info.cc(625)] range at 0xfffa6000, size 0xf84 fully unreadable
[0331/062821.447:ERROR:process_info.cc(625)] range at 0xfffa3000, size 0xf84 fully unreadable
[0331/062821.447:ERROR:process_info.cc(625)] range at 0xfffa9000, size 0xf84 fully unreadable
[0331/062821.447:ERROR:process_info.cc(625)] range at 0xfffa0000, size 0xf84 fully unreadable
[0331/062821.447:ERROR:process_info.cc(625)] range at 0xfff9d000, size 0xf84 fully unreadable
[0331/062821.447:ERROR:process_info.cc(625)] range at 0xfff9a000, size 0xf84 fully unreadable
[0331/062821.447:ERROR:process_info.cc(625)] range at 0xfff97000, size 0xf84 fully unreadable
[0331/062821.447:ERROR:process_info.cc(625)] range at 0xfff94000, size 0xf84 fully unreadable
[0331/062821.447:ERROR:process_info.cc(625)] range at 0xfff91000, size 0xf84 fully unreadable
[0331/062821.447:ERROR:process_info.cc(625)] range at 0xfff8e000, size 0xf84 fully unreadable
[0331/062821.447:ERROR:process_info.cc(625)] range at 0xfff8b000, size 0xf84 fully unreadable
[0331/062821.447:ERROR:process_info.cc(625)] range at 0xfff88000, size 0xf84 fully unreadable
[0331/062821.448:ERROR:process_info.cc(625)] range at 0xfff85000, size 0xf84 fully unreadable
[0331/062821.448:ERROR:process_info.cc(625)] range at 0xfff82000, size 0xf84 fully unreadable
[0331/062821.448:ERROR:process_info.cc(625)] range at 0xfff7f000, size 0xf84 fully unreadable
[0331/062821.448:ERROR:process_info.cc(625)] range at 0xfff7c000, size 0xf84 fully unreadable
[0331/062821.448:ERROR:process_info.cc(625)] range at 0xfff79000, size 0xf84 fully unreadable
[0331/062821.448:ERROR:process_info.cc(625)] range at 0xfff76000, size 0xf84 fully unreadable
[0331/062821.448:ERROR:process_info.cc(625)] range at 0xfff73000, size 0xf84 fully unreadable
[0331/062821.448:ERROR:process_info.cc(625)] range at 0xfff70000, size 0xf84 fully unreadable
[0331/062821.448:ERROR:process_info.cc(625)] range at 0xfff6d000, size 0xf84 fully unreadable
[0331/062821.448:ERROR:process_info.cc(625)] range at 0xfff6a000, size 0xf84 fully unreadable
[0331/062821.448:ERROR:process_info.cc(625)] range at 0xfff67000, size 0xf84 fully unreadable
[0331/062821.448:ERROR:process_info.cc(625)] range at 0xfff5b000, size 0xf84 fully unreadable
[0331/062821.448:ERROR:process_info.cc(625)] range at 0xfff5e000, size 0xf84 fully unreadable
[0331/062821.448:ERROR:process_info.cc(625)] range at 0xfff55000, size 0xf84 fully unreadable
[0331/062821.448:ERROR:process_info.cc(625)] range at 0xfff52000, size 0xf84 fully unreadable
[0331/062821.448:ERROR:process_info.cc(625)] range at 0xfffaf000, size 0xf84 fully unreadable
[0331/062821.449:ERROR:process_info.cc(625)] range at 0xfff64000, size 0xf84 fully unreadable
[0403/004246.680:ERROR:process_info.cc(625)] range at 0xfffde000, size 0x230 fully unreadable
[0403/004246.712:ERROR:process_info.cc(625)] range at 0xfffdd000, size 0xf84 fully unreadable
[0403/004246.712:ERROR:process_info.cc(625)] range at 0xfffda000, size 0xf84 fully unreadable
[0403/004246.712:ERROR:process_info.cc(625)] range at 0xfffd7000, size 0xf84 fully unreadable
[0403/004246.713:ERROR:process_info.cc(625)] range at 0xfffac000, size 0xf84 fully unreadable
[0403/004246.713:ERROR:process_info.cc(625)] range at 0xfffa6000, size 0xf84 fully unreadable
[0403/004246.713:ERROR:process_info.cc(625)] range at 0xfffa3000, size 0xf84 fully unreadable
[0403/004246.713:ERROR:process_info.cc(625)] range at 0xfffa0000, size 0xf84 fully unreadable
[0403/004246.713:ERROR:process_info.cc(625)] range at 0xfff9d000, size 0xf84 fully unreadable
[0403/004246.713:ERROR:process_info.cc(625)] range at 0xfff9a000, size 0xf84 fully unreadable
[0403/004246.713:ERROR:process_info.cc(625)] range at 0xfff97000, size 0xf84 fully unreadable
[0403/004246.713:ERROR:process_info.cc(625)] range at 0xfff94000, size 0xf84 fully unreadable
[0403/004246.713:ERROR:process_info.cc(625)] range at 0xfff91000, size 0xf84 fully unreadable
[0403/004246.713:ERROR:process_info.cc(625)] range at 0xfff8e000, size 0xf84 fully unreadable
[0403/004246.713:ERROR:process_info.cc(625)] range at 0xfff8b000, size 0xf84 fully unreadable
[0403/004246.713:ERROR:process_info.cc(625)] range at 0xfff88000, size 0xf84 fully unreadable
[0403/004246.713:ERROR:process_info.cc(625)] range at 0xfff85000, size 0xf84 fully unreadable
[0403/004246.713:ERROR:process_info.cc(625)] range at 0xfff82000, size 0xf84 fully unreadable
[0403/004246.713:ERROR:process_info.cc(625)] range at 0xfff7f000, size 0xf84 fully unreadable
[0403/004246.713:ERROR:process_info.cc(625)] range at 0xfff7c000, size 0xf84 fully unreadable
[0403/004246.713:ERROR:process_info.cc(625)] range at 0xfffa9000, size 0xf84 fully unreadable
[0403/004246.713:ERROR:process_info.cc(625)] range at 0xfff79000, size 0xf84 fully unreadable
[0403/004246.713:ERROR:process_info.cc(625)] range at 0xfff76000, size 0xf84 fully unreadable
[0403/004246.714:ERROR:process_info.cc(625)] range at 0xfff73000, size 0xf84 fully unreadable
[0403/004246.714:ERROR:process_info.cc(625)] range at 0xfff70000, size 0xf84 fully unreadable
[0403/004246.714:ERROR:process_info.cc(625)] range at 0xfff6d000, size 0xf84 fully unreadable
[0403/004246.714:ERROR:process_info.cc(625)] range at 0xfff6a000, size 0xf84 fully unreadable
[0403/004246.714:ERROR:process_info.cc(625)] range at 0xfff67000, size 0xf84 fully unreadable
[0403/004246.714:ERROR:process_info.cc(625)] range at 0xfff5b000, size 0xf84 fully unreadable
[0403/004246.714:ERROR:process_info.cc(625)] range at 0xfff5e000, size 0xf84 fully unreadable
[0403/004246.714:ERROR:process_info.cc(625)] range at 0xfff58000, size 0xf84 fully unreadable
[0403/004246.714:ERROR:process_info.cc(625)] range at 0xfff55000, size 0xf84 fully unreadable
[0403/004246.714:ERROR:process_info.cc(625)] range at 0xfffaf000, size 0xf84 fully unreadable
[0403/004246.714:ERROR:process_info.cc(625)] range at 0xfff61000, size 0xf84 fully unreadable
[0403/004403.164:ERROR:process_info.cc(625)] range at 0xfffde000, size 0x230 fully unreadable
[0403/004403.178:ERROR:process_info.cc(625)] range at 0xfffdd000, size 0xf84 fully unreadable
[0403/004403.179:ERROR:process_info.cc(625)] range at 0xfffda000, size 0xf84 fully unreadable
[0403/004403.179:ERROR:process_info.cc(625)] range at 0xfffd7000, size 0xf84 fully unreadable
[0403/004403.179:ERROR:process_info.cc(625)] range at 0xfffaf000, size 0xf84 fully unreadable
[0403/004403.179:ERROR:process_info.cc(625)] range at 0xfffac000, size 0xf84 fully unreadable
[0403/004403.179:ERROR:process_info.cc(625)] range at 0xfffa6000, size 0xf84 fully unreadable
[0403/004403.179:ERROR:process_info.cc(625)] range at 0xfffa3000, size 0xf84 fully unreadable
[0403/004403.179:ERROR:process_info.cc(625)] range at 0xfffa0000, size 0xf84 fully unreadable
[0403/004403.179:ERROR:process_info.cc(625)] range at 0xfff9d000, size 0xf84 fully unreadable
[0403/004403.179:ERROR:process_info.cc(625)] range at 0xfff9a000, size 0xf84 fully unreadable
[0403/004403.179:ERROR:process_info.cc(625)] range at 0xfff97000, size 0xf84 fully unreadable
[0403/004403.179:ERROR:process_info.cc(625)] range at 0xfff94000, size 0xf84 fully unreadable
[0403/004403.179:ERROR:process_info.cc(625)] range at 0xfff91000, size 0xf84 fully unreadable
[0403/004403.179:ERROR:process_info.cc(625)] range at 0xfff8e000, size 0xf84 fully unreadable
[0403/004403.180:ERROR:process_info.cc(625)] range at 0xfff8b000, size 0xf84 fully unreadable
[0403/004403.180:ERROR:process_info.cc(625)] range at 0xfff88000, size 0xf84 fully unreadable
[0403/004403.180:ERROR:process_info.cc(625)] range at 0xfff85000, size 0xf84 fully unreadable
[0403/004403.180:ERROR:process_info.cc(625)] range at 0xfff82000, size 0xf84 fully unreadable
[0403/004403.180:ERROR:process_info.cc(625)] range at 0xfff7f000, size 0xf84 fully unreadable
[0403/004403.180:ERROR:process_info.cc(625)] range at 0xfff7c000, size 0xf84 fully unreadable
[0403/004403.180:ERROR:process_info.cc(625)] range at 0xfffa9000, size 0xf84 fully unreadable
[0403/004403.180:ERROR:process_info.cc(625)] range at 0xfff79000, size 0xf84 fully unreadable
[0403/004403.180:ERROR:process_info.cc(625)] range at 0xfff76000, size 0xf84 fully unreadable
[0403/004403.180:ERROR:process_info.cc(625)] range at 0xfff73000, size 0xf84 fully unreadable
[0403/004403.180:ERROR:process_info.cc(625)] range at 0xfff70000, size 0xf84 fully unreadable
[0403/004403.180:ERROR:process_info.cc(625)] range at 0xfff6d000, size 0xf84 fully unreadable
[0403/004403.180:ERROR:process_info.cc(625)] range at 0xfff6a000, size 0xf84 fully unreadable
[0403/004403.181:ERROR:process_info.cc(625)] range at 0xfff67000, size 0xf84 fully unreadable
[0403/004403.181:ERROR:process_info.cc(625)] range at 0xfff64000, size 0xf84 fully unreadable
[0403/004403.181:ERROR:process_info.cc(625)] range at 0xfff61000, size 0xf84 fully unreadable
[0403/004403.181:ERROR:process_info.cc(625)] range at 0xfff5e000, size 0xf84 fully unreadable
[0403/004403.181:ERROR:process_info.cc(625)] range at 0xfff58000, size 0xf84 fully unreadable
[0403/004403.181:ERROR:process_info.cc(625)] range at 0xfff5b000, size 0xf84 fully unreadable
[0403/004403.181:ERROR:process_info.cc(625)] range at 0xfff55000, size 0xf84 fully unreadable
[0403/004403.181:ERROR:process_info.cc(625)] range at 0xfff52000, size 0xf84 fully unreadable
[0403/004403.181:ERROR:process_info.cc(625)] range at 0xfff4f000, size 0xf84 fully unreadable
[0403/060543.452:ERROR:process_info.cc(625)] range at 0xfffde000, size 0x230 fully unreadable
[0403/060543.469:ERROR:process_info.cc(625)] range at 0xfffdd000, size 0xf84 fully unreadable
[0403/060543.469:ERROR:process_info.cc(625)] range at 0xfffda000, size 0xf84 fully unreadable
[0403/060543.469:ERROR:process_info.cc(625)] range at 0xfffd7000, size 0xf84 fully unreadable
[0403/060543.469:ERROR:process_info.cc(625)] range at 0xfffaf000, size 0xf84 fully unreadable
[0403/060543.469:ERROR:process_info.cc(625)] range at 0xfffa6000, size 0xf84 fully unreadable
[0403/060543.469:ERROR:process_info.cc(625)] range at 0xfffa3000, size 0xf84 fully unreadable
[0403/060543.469:ERROR:process_info.cc(625)] range at 0xfffa0000, size 0xf84 fully unreadable
[0403/060543.469:ERROR:process_info.cc(625)] range at 0xfff9d000, size 0xf84 fully unreadable
[0403/060543.469:ERROR:process_info.cc(625)] range at 0xfff9a000, size 0xf84 fully unreadable
[0403/060543.470:ERROR:process_info.cc(625)] range at 0xfff97000, size 0xf84 fully unreadable
[0403/060543.470:ERROR:process_info.cc(625)] range at 0xfff94000, size 0xf84 fully unreadable
[0403/060543.470:ERROR:process_info.cc(625)] range at 0xfff91000, size 0xf84 fully unreadable
[0403/060543.470:ERROR:process_info.cc(625)] range at 0xfff8e000, size 0xf84 fully unreadable
[0403/060543.470:ERROR:process_info.cc(625)] range at 0xfff8b000, size 0xf84 fully unreadable
[0403/060543.470:ERROR:process_info.cc(625)] range at 0xfff88000, size 0xf84 fully unreadable
[0403/060543.470:ERROR:process_info.cc(625)] range at 0xfff85000, size 0xf84 fully unreadable
[0403/060543.470:ERROR:process_info.cc(625)] range at 0xfff82000, size 0xf84 fully unreadable
[0403/060543.470:ERROR:process_info.cc(625)] range at 0xfff7f000, size 0xf84 fully unreadable
[0403/060543.470:ERROR:process_info.cc(625)] range at 0xfff7c000, size 0xf84 fully unreadable
[0403/060543.470:ERROR:process_info.cc(625)] range at 0xfffa9000, size 0xf84 fully unreadable
[0403/060543.470:ERROR:process_info.cc(625)] range at 0xfff79000, size 0xf84 fully unreadable
[0403/060543.471:ERROR:process_info.cc(625)] range at 0xfff76000, size 0xf84 fully unreadable
[0403/060543.471:ERROR:process_info.cc(625)] range at 0xfff73000, size 0xf84 fully unreadable
[0403/060543.471:ERROR:process_info.cc(625)] range at 0xfff70000, size 0xf84 fully unreadable
[0403/060543.471:ERROR:process_info.cc(625)] range at 0xfff6d000, size 0xf84 fully unreadable
[0403/060543.471:ERROR:process_info.cc(625)] range at 0xfff6a000, size 0xf84 fully unreadable
[0403/060543.471:ERROR:process_info.cc(625)] range at 0xfff67000, size 0xf84 fully unreadable
[0403/060543.471:ERROR:process_info.cc(625)] range at 0xfff5b000, size 0xf84 fully unreadable
[0403/060543.471:ERROR:process_info.cc(625)] range at 0xfff58000, size 0xf84 fully unreadable
[0403/060543.471:ERROR:process_info.cc(625)] range at 0xfff55000, size 0xf84 fully unreadable
[0403/060543.471:ERROR:process_info.cc(625)] range at 0xfff4f000, size 0xf84 fully unreadable
[0403/060543.471:ERROR:process_info.cc(625)] range at 0xfffac000, size 0xf84 fully unreadable
[0403/060543.471:ERROR:process_info.cc(625)] range at 0xfff64000, size 0xf84 fully unreadable
[0403/060543.471:ERROR:process_info.cc(625)] range at 0xfff61000, size 0xf84 fully unreadable
[0404/014129.765:ERROR:process_info.cc(625)] range at 0xfffde000, size 0x230 fully unreadable
[0404/014129.780:ERROR:process_info.cc(625)] range at 0xfffdd000, size 0xf84 fully unreadable
[0404/014129.780:ERROR:process_info.cc(625)] range at 0xfffda000, size 0xf84 fully unreadable
[0404/014129.780:ERROR:process_info.cc(625)] range at 0xfffd7000, size 0xf84 fully unreadable
[0404/014129.780:ERROR:process_info.cc(625)] range at 0xfffac000, size 0xf84 fully unreadable
[0404/014129.781:ERROR:process_info.cc(625)] range at 0xfffa6000, size 0xf84 fully unreadable
[0404/014129.781:ERROR:process_info.cc(625)] range at 0xfffa3000, size 0xf84 fully unreadable
[0404/014129.781:ERROR:process_info.cc(625)] range at 0xfffa0000, size 0xf84 fully unreadable
[0404/014129.781:ERROR:process_info.cc(625)] range at 0xfff9d000, size 0xf84 fully unreadable
[0404/014129.781:ERROR:process_info.cc(625)] range at 0xfff9a000, size 0xf84 fully unreadable
[0404/014129.781:ERROR:process_info.cc(625)] range at 0xfff97000, size 0xf84 fully unreadable
[0404/014129.781:ERROR:process_info.cc(625)] range at 0xfff94000, size 0xf84 fully unreadable
[0404/014129.781:ERROR:process_info.cc(625)] range at 0xfff91000, size 0xf84 fully unreadable
[0404/014129.781:ERROR:process_info.cc(625)] range at 0xfff8e000, size 0xf84 fully unreadable
[0404/014129.781:ERROR:process_info.cc(625)] range at 0xfff8b000, size 0xf84 fully unreadable
[0404/014129.781:ERROR:process_info.cc(625)] range at 0xfff88000, size 0xf84 fully unreadable
[0404/014129.781:ERROR:process_info.cc(625)] range at 0xfff85000, size 0xf84 fully unreadable
[0404/014129.781:ERROR:process_info.cc(625)] range at 0xfff82000, size 0xf84 fully unreadable
[0404/014129.781:ERROR:process_info.cc(625)] range at 0xfff7f000, size 0xf84 fully unreadable
[0404/014129.781:ERROR:process_info.cc(625)] range at 0xfff7c000, size 0xf84 fully unreadable
[0404/014129.781:ERROR:process_info.cc(625)] range at 0xfffa9000, size 0xf84 fully unreadable
[0404/014129.781:ERROR:process_info.cc(625)] range at 0xfff79000, size 0xf84 fully unreadable
[0404/014129.781:ERROR:process_info.cc(625)] range at 0xfff76000, size 0xf84 fully unreadable
[0404/014129.781:ERROR:process_info.cc(625)] range at 0xfff73000, size 0xf84 fully unreadable
[0404/014129.782:ERROR:process_info.cc(625)] range at 0xfff70000, size 0xf84 fully unreadable
[0404/014129.782:ERROR:process_info.cc(625)] range at 0xfff6d000, size 0xf84 fully unreadable
[0404/014129.782:ERROR:process_info.cc(625)] range at 0xfff6a000, size 0xf84 fully unreadable
[0404/014129.782:ERROR:process_info.cc(625)] range at 0xfff67000, size 0xf84 fully unreadable
[0404/014129.782:ERROR:process_info.cc(625)] range at 0xfff5e000, size 0xf84 fully unreadable
[0404/014129.782:ERROR:process_info.cc(625)] range at 0xfff55000, size 0xf84 fully unreadable
[0404/014129.782:ERROR:process_info.cc(625)] range at 0xfff61000, size 0xf84 fully unreadable
[0404/014129.782:ERROR:process_info.cc(625)] range at 0xfff64000, size 0xf84 fully unreadable
[0404/014129.782:ERROR:process_info.cc(625)] range at 0xfff5b000, size 0xf84 fully unreadable
[0404/014129.782:ERROR:process_info.cc(625)] range at 0xfffaf000, size 0xf84 fully unreadable
[0404/050516.677:ERROR:process_info.cc(625)] range at 0xfffde000, size 0x230 fully unreadable
[0404/050516.694:ERROR:process_info.cc(625)] range at 0xfffdd000, size 0xf84 fully unreadable
[0404/050516.694:ERROR:process_info.cc(625)] range at 0xfffda000, size 0xf84 fully unreadable
[0404/050516.694:ERROR:process_info.cc(625)] range at 0xfffd7000, size 0xf84 fully unreadable
[0404/050516.694:ERROR:process_info.cc(625)] range at 0xfffaf000, size 0xf84 fully unreadable
[0404/050516.694:ERROR:process_info.cc(625)] range at 0xfffa6000, size 0xf84 fully unreadable
[0404/050516.694:ERROR:process_info.cc(625)] range at 0xfffa3000, size 0xf84 fully unreadable
[0404/050516.694:ERROR:process_info.cc(625)] range at 0xfffa0000, size 0xf84 fully unreadable
[0404/050516.694:ERROR:process_info.cc(625)] range at 0xfff9d000, size 0xf84 fully unreadable
[0404/050516.694:ERROR:process_info.cc(625)] range at 0xfff9a000, size 0xf84 fully unreadable
[0404/050516.694:ERROR:process_info.cc(625)] range at 0xfff97000, size 0xf84 fully unreadable
[0404/050516.694:ERROR:process_info.cc(625)] range at 0xfff94000, size 0xf84 fully unreadable
[0404/050516.695:ERROR:process_info.cc(625)] range at 0xfff91000, size 0xf84 fully unreadable
[0404/050516.695:ERROR:process_info.cc(625)] range at 0xfff8e000, size 0xf84 fully unreadable
[0404/050516.695:ERROR:process_info.cc(625)] range at 0xfff8b000, size 0xf84 fully unreadable
[0404/050516.695:ERROR:process_info.cc(625)] range at 0xfff88000, size 0xf84 fully unreadable
[0404/050516.695:ERROR:process_info.cc(625)] range at 0xfff85000, size 0xf84 fully unreadable
[0404/050516.695:ERROR:process_info.cc(625)] range at 0xfff82000, size 0xf84 fully unreadable
[0404/050516.695:ERROR:process_info.cc(625)] range at 0xfff7f000, size 0xf84 fully unreadable
[0404/050516.695:ERROR:process_info.cc(625)] range at 0xfff7c000, size 0xf84 fully unreadable
[0404/050516.695:ERROR:process_info.cc(625)] range at 0xfffa9000, size 0xf84 fully unreadable
[0404/050516.695:ERROR:process_info.cc(625)] range at 0xfff79000, size 0xf84 fully unreadable
[0404/050516.695:ERROR:process_info.cc(625)] range at 0xfff76000, size 0xf84 fully unreadable
[0404/050516.695:ERROR:process_info.cc(625)] range at 0xfff73000, size 0xf84 fully unreadable
[0404/050516.695:ERROR:process_info.cc(625)] range at 0xfff70000, size 0xf84 fully unreadable
[0404/050516.695:ERROR:process_info.cc(625)] range at 0xfff6d000, size 0xf84 fully unreadable
[0404/050516.695:ERROR:process_info.cc(625)] range at 0xfff6a000, size 0xf84 fully unreadable
[0404/050516.695:ERROR:process_info.cc(625)] range at 0xfff67000, size 0xf84 fully unreadable
[0404/050516.696:ERROR:process_info.cc(625)] range at 0xfff5e000, size 0xf84 fully unreadable
[0404/050516.696:ERROR:process_info.cc(625)] range at 0xfff58000, size 0xf84 fully unreadable
[0404/050516.696:ERROR:process_info.cc(625)] range at 0xfff55000, size 0xf84 fully unreadable
[0404/050516.696:ERROR:process_info.cc(625)] range at 0xfff4f000, size 0xf84 fully unreadable
[0404/050516.696:ERROR:process_info.cc(625)] range at 0xfffac000, size 0xf84 fully unreadable
[0404/050516.696:ERROR:process_info.cc(625)] range at 0xfff64000, size 0xf84 fully unreadable
[0406/044726.769:ERROR:process_info.cc(625)] range at 0xfffde000, size 0x230 fully unreadable
[0406/044726.809:ERROR:process_info.cc(625)] range at 0xfffdd000, size 0xf84 fully unreadable
[0406/044726.809:ERROR:process_info.cc(625)] range at 0xfffda000, size 0xf84 fully unreadable
[0406/044726.810:ERROR:process_info.cc(625)] range at 0xfffd7000, size 0xf84 fully unreadable
[0406/044726.810:ERROR:process_info.cc(625)] range at 0xfffac000, size 0xf84 fully unreadable
[0406/044726.810:ERROR:process_info.cc(625)] range at 0xfffa6000, size 0xf84 fully unreadable
[0406/044726.810:ERROR:process_info.cc(625)] range at 0xfffa3000, size 0xf84 fully unreadable
[0406/044726.810:ERROR:process_info.cc(625)] range at 0xfffa0000, size 0xf84 fully unreadable
[0406/044726.810:ERROR:process_info.cc(625)] range at 0xfff9d000, size 0xf84 fully unreadable
[0406/044726.810:ERROR:process_info.cc(625)] range at 0xfff9a000, size 0xf84 fully unreadable
[0406/044726.810:ERROR:process_info.cc(625)] range at 0xfff97000, size 0xf84 fully unreadable
[0406/044726.810:ERROR:process_info.cc(625)] range at 0xfff94000, size 0xf84 fully unreadable
[0406/044726.810:ERROR:process_info.cc(625)] range at 0xfff91000, size 0xf84 fully unreadable
[0406/044726.810:ERROR:process_info.cc(625)] range at 0xfff8e000, size 0xf84 fully unreadable
[0406/044726.810:ERROR:process_info.cc(625)] range at 0xfff8b000, size 0xf84 fully unreadable
[0406/044726.810:ERROR:process_info.cc(625)] range at 0xfff88000, size 0xf84 fully unreadable
[0406/044726.810:ERROR:process_info.cc(625)] range at 0xfff85000, size 0xf84 fully unreadable
[0406/044726.810:ERROR:process_info.cc(625)] range at 0xfff82000, size 0xf84 fully unreadable
[0406/044726.810:ERROR:process_info.cc(625)] range at 0xfff7f000, size 0xf84 fully unreadable
[0406/044726.810:ERROR:process_info.cc(625)] range at 0xfff7c000, size 0xf84 fully unreadable
[0406/044726.810:ERROR:process_info.cc(625)] range at 0xfffa9000, size 0xf84 fully unreadable
[0406/044726.811:ERROR:process_info.cc(625)] range at 0xfff79000, size 0xf84 fully unreadable
[0406/044726.811:ERROR:process_info.cc(625)] range at 0xfff76000, size 0xf84 fully unreadable
[0406/044726.811:ERROR:process_info.cc(625)] range at 0xfff73000, size 0xf84 fully unreadable
[0406/044726.811:ERROR:process_info.cc(625)] range at 0xfff70000, size 0xf84 fully unreadable
[0406/044726.811:ERROR:process_info.cc(625)] range at 0xfff6d000, size 0xf84 fully unreadable
[0406/044726.811:ERROR:process_info.cc(625)] range at 0xfff6a000, size 0xf84 fully unreadable
[0406/044726.811:ERROR:process_info.cc(625)] range at 0xfff67000, size 0xf84 fully unreadable
[0406/044726.811:ERROR:process_info.cc(625)] range at 0xfff5e000, size 0xf84 fully unreadable
[0406/044726.811:ERROR:process_info.cc(625)] range at 0xfff5b000, size 0xf84 fully unreadable
[0406/044726.811:ERROR:process_info.cc(625)] range at 0xfff58000, size 0xf84 fully unreadable
[0406/044726.811:ERROR:process_info.cc(625)] range at 0xfff55000, size 0xf84 fully unreadable
[0406/044726.811:ERROR:process_info.cc(625)] range at 0xfff64000, size 0xf84 fully unreadable
[0406/044726.811:ERROR:process_info.cc(625)] range at 0xfff61000, size 0xf84 fully unreadable
[0406/044726.811:ERROR:process_info.cc(625)] range at 0xfff52000, size 0xf84 fully unreadable
[0411/025735.866:ERROR:process_info.cc(625)] range at 0xfffde000, size 0x230 fully unreadable
[0411/025735.884:ERROR:process_info.cc(625)] range at 0xfffdd000, size 0xf84 fully unreadable
[0411/025735.884:ERROR:process_info.cc(625)] range at 0xfffda000, size 0xf84 fully unreadable
[0411/025735.884:ERROR:process_info.cc(625)] range at 0xfffd7000, size 0xf84 fully unreadable
[0411/025735.884:ERROR:process_info.cc(625)] range at 0xfffac000, size 0xf84 fully unreadable
[0411/025735.884:ERROR:process_info.cc(625)] range at 0xfffa6000, size 0xf84 fully unreadable
[0411/025735.884:ERROR:process_info.cc(625)] range at 0xfffa3000, size 0xf84 fully unreadable
[0411/025735.884:ERROR:process_info.cc(625)] range at 0xfffa0000, size 0xf84 fully unreadable
[0411/025735.884:ERROR:process_info.cc(625)] range at 0xfff9d000, size 0xf84 fully unreadable
[0411/025735.884:ERROR:process_info.cc(625)] range at 0xfff9a000, size 0xf84 fully unreadable
[0411/025735.884:ERROR:process_info.cc(625)] range at 0xfff97000, size 0xf84 fully unreadable
[0411/025735.885:ERROR:process_info.cc(625)] range at 0xfff94000, size 0xf84 fully unreadable
[0411/025735.885:ERROR:process_info.cc(625)] range at 0xfff91000, size 0xf84 fully unreadable
[0411/025735.885:ERROR:process_info.cc(625)] range at 0xfff8e000, size 0xf84 fully unreadable
[0411/025735.885:ERROR:process_info.cc(625)] range at 0xfff8b000, size 0xf84 fully unreadable
[0411/025735.885:ERROR:process_info.cc(625)] range at 0xfff88000, size 0xf84 fully unreadable
[0411/025735.885:ERROR:process_info.cc(625)] range at 0xfff85000, size 0xf84 fully unreadable
[0411/025735.885:ERROR:process_info.cc(625)] range at 0xfff82000, size 0xf84 fully unreadable
[0411/025735.885:ERROR:process_info.cc(625)] range at 0xfff7f000, size 0xf84 fully unreadable
[0411/025735.885:ERROR:process_info.cc(625)] range at 0xfff7c000, size 0xf84 fully unreadable
[0411/025735.885:ERROR:process_info.cc(625)] range at 0xfffa9000, size 0xf84 fully unreadable
[0411/025735.885:ERROR:process_info.cc(625)] range at 0xfff79000, size 0xf84 fully unreadable
[0411/025735.885:ERROR:process_info.cc(625)] range at 0xfff76000, size 0xf84 fully unreadable
[0411/025735.885:ERROR:process_info.cc(625)] range at 0xfff73000, size 0xf84 fully unreadable
[0411/025735.885:ERROR:process_info.cc(625)] range at 0xfff70000, size 0xf84 fully unreadable
[0411/025735.885:ERROR:process_info.cc(625)] range at 0xfff6d000, size 0xf84 fully unreadable
[0411/025735.885:ERROR:process_info.cc(625)] range at 0xfff6a000, size 0xf84 fully unreadable
[0411/025735.885:ERROR:process_info.cc(625)] range at 0xfff67000, size 0xf84 fully unreadable
[0411/025735.885:ERROR:process_info.cc(625)] range at 0xfff5b000, size 0xf84 fully unreadable
[0411/025735.886:ERROR:process_info.cc(625)] range at 0xfff55000, size 0xf84 fully unreadable
[0411/025735.886:ERROR:process_info.cc(625)] range at 0xfff52000, size 0xf84 fully unreadable
[0411/025735.886:ERROR:process_info.cc(625)] range at 0xfffaf000, size 0xf84 fully unreadable
[0411/025735.886:ERROR:process_info.cc(625)] range at 0xfff61000, size 0xf84 fully unreadable
[0412/050303.814:ERROR:exception_snapshot_win.cc(87)] thread ID 9048 not found in process
[0412/050303.815:WARNING:crash_report_exception_handler.cc(60)] ProcessSnapshotWin::Initialize failed
[0419/061718.137:ERROR:scoped_process_suspend.cc(30)] NtSuspendProcess: An attempt was made to access an exiting process.  (0xc000010a)
[0419/061718.163:ERROR:process_info.cc(116)] ReadProcessMemory bool __cdecl crashpad::`anonymous-namespace'::ReadStruct<struct crashpad::process_types::PEB<struct crashpad::process_types::internal::Traits32>>(void *,unsigned __int64,struct crashpad::process_types::PEB<struct crashpad::process_types::internal::Traits32> *): Only part of a ReadProcessMemory or WriteProcessMemory request was completed. (0x12B)
[0419/061718.163:ERROR:process_info.cc(559)] ReadProcessData failed
[0419/061718.163:ERROR:process_reader_win.cc(233)] ReadMemory at 0x6e1a7dc8 of 12 bytes failed: Only part of a ReadProcessMemory or WriteProcessMemory request was completed. (0x12B)
[0419/061718.163:WARNING:process_snapshot_win.cc(68)] ReadMemory ExceptionInformation failed
[0419/061718.163:WARNING:crash_report_exception_handler.cc(60)] ProcessSnapshotWin::Initialize failed
